2026-02-20 05:26:18,560 [INFO] ============================================================
2026-02-20 05:26:18,561 [INFO] TRAINING STARTED: Autism Risk Classifier (Model A)
2026-02-20 05:26:18,562 [INFO] ============================================================
2026-02-20 05:26:18,633 [INFO] Loaded 3500 records from ml/data/cleaned_client_data.csv
2026-02-20 05:26:18,633 [INFO] Performing clinical feature engineering...
2026-02-20 05:26:27,769 [INFO] Dataset split: Train=2380, Val=420, Test=700
2026-02-20 05:26:27,770 [INFO] Starting XGBoost training with imbalance handling...
2026-02-20 05:26:29,840 [INFO] Generating learning curves...
2026-02-20 05:26:31,668 [INFO] SUCCESS: Model and reports saved.
2026-02-20 05:26:31,677 [INFO] ============================================================
2026-02-26 14:02:04,175 [INFO] ============================================================
2026-02-26 14:02:04,175 [INFO] TRAINING STARTED: Autism Risk Classifier (Model A)
2026-02-26 14:02:04,176 [INFO] ============================================================
2026-02-26 14:02:04,188 [INFO] Loaded 3500 records from ml/data/cleaned_client_data.csv
2026-02-26 14:02:04,188 [INFO] Performing clinical feature engineering...
2026-02-26 14:02:07,161 [INFO] Dataset split: Train=2380, Val=420, Test=700
2026-02-26 14:02:07,161 [INFO] Applying SMOTE to balance training data...
2026-02-26 14:02:07,162 [INFO] Original training distribution: {1: 1306, 0: 1074}
2026-02-26 14:02:08,569 [INFO] After SMOTE: {1: 1306, 0: 1306}
2026-02-26 14:02:08,570 [INFO] Starting XGBoost training with imbalance handling...
2026-02-26 14:02:08,570 [INFO] Loaded Optuna best params from ml/models/saved/xgb_optuna_best.json
2026-02-26 14:02:12,001 [INFO] Finding optimal decision threshold for clinical use...
2026-02-26 14:02:12,009 [INFO] Optimal threshold: 0.483 (targets 75%+ recall)
2026-02-26 14:02:12,009 [INFO] Generating learning curves...
2026-02-26 14:02:12,861 [INFO] SUCCESS: Model and reports saved.
2026-02-26 14:02:12,861 [INFO] ============================================================
2026-02-26 14:02:14,338 [INFO] ============================================================
2026-02-26 14:02:14,338 [INFO] TRAINING STARTED: Autism Risk Classifier (Model A)
2026-02-26 14:02:14,338 [INFO] ============================================================
2026-02-26 14:02:14,356 [INFO] Loaded 3500 records from ml/data/cleaned_client_data.csv
2026-02-26 14:02:14,356 [INFO] Performing clinical feature engineering...
2026-02-26 14:02:18,408 [INFO] Dataset split: Train=2380, Val=420, Test=700
2026-02-26 14:02:18,409 [INFO] Applying SMOTE to balance training data...
2026-02-26 14:02:18,410 [INFO] Original training distribution: {1: 1306, 0: 1074}
2026-02-26 14:02:19,953 [INFO] After SMOTE: {1: 1306, 0: 1306}
2026-02-26 14:02:19,954 [INFO] Starting XGBoost training with imbalance handling...
2026-02-26 14:02:19,954 [INFO] Loaded Optuna best params from ml/models/saved/xgb_optuna_best.json
2026-02-26 14:02:22,775 [INFO] Finding optimal decision threshold for clinical use...
2026-02-26 14:02:22,783 [INFO] Optimal threshold: 0.483 (targets 75%+ recall)
2026-02-26 14:02:22,784 [INFO] Generating learning curves...
2026-02-26 14:02:23,564 [INFO] SUCCESS: Model and reports saved.
2026-02-26 14:02:23,564 [INFO] ============================================================
2026-02-26 16:48:01,260 [INFO] ============================================================
2026-02-26 16:48:01,260 [INFO] TRAINING STARTED: Autism Risk Classifier (Model A)
2026-02-26 16:48:01,260 [INFO] ============================================================
2026-02-26 16:48:01,282 [INFO] Loaded 1000 records from ml/data/cleaned_client_data.csv
2026-02-26 16:48:01,283 [INFO] Performing clinical feature engineering...
2026-02-26 16:48:01,962 [INFO] Dataset split: Train=680, Val=120, Test=200
2026-02-26 16:48:01,963 [INFO] Applying SMOTE to balance training data...
2026-02-26 16:48:01,963 [INFO] Original training distribution: {1: 505, 0: 175}
2026-02-26 16:48:03,625 [INFO] After SMOTE: {1: 505, 0: 505}
2026-02-26 16:48:03,625 [INFO] Starting XGBoost training with imbalance handling...
2026-02-26 16:48:03,626 [INFO] Loaded Optuna best params from ml/models/saved/xgb_optuna_best.json
2026-02-26 16:48:05,516 [INFO] Finding optimal decision threshold for clinical use...
2026-02-26 16:48:05,520 [INFO] Optimal threshold: 0.536 (targets 75%+ recall)
2026-02-26 16:48:05,520 [INFO] Generating learning curves...
2026-02-26 16:48:06,371 [INFO] SUCCESS: Model and reports saved.
2026-02-26 16:48:06,372 [INFO] ============================================================
2026-02-26 17:03:13,726 [INFO] ============================================================
2026-02-26 17:03:13,727 [INFO] TRAINING STARTED: Autism Risk Classifier (Model A)
2026-02-26 17:03:13,727 [INFO] ============================================================
2026-02-26 17:03:13,735 [INFO] Loaded 2000 records from ml/data/cleaned_client_data.csv
2026-02-26 17:03:13,735 [INFO] Performing clinical feature engineering...
2026-02-26 17:03:14,582 [INFO] Dataset split: Train=1360, Val=240, Test=400
2026-02-26 17:03:14,582 [INFO] Applying SMOTE to balance training data...
2026-02-26 17:03:14,583 [INFO] Original training distribution: {1: 1009, 0: 351}
2026-02-26 17:03:15,930 [INFO] After SMOTE: {0: 1009, 1: 1009}
2026-02-26 17:03:15,931 [INFO] Starting XGBoost training with imbalance handling...
2026-02-26 17:03:15,932 [INFO] Loaded Optuna best params from ml/models/saved/xgb_optuna_best.json
2026-02-26 17:03:18,187 [INFO] Finding optimal decision threshold for clinical use...
2026-02-26 17:03:18,192 [INFO] Optimal threshold: 0.541 (targets 75%+ recall)
2026-02-26 17:03:18,192 [INFO] Generating learning curves...
2026-02-26 17:03:18,813 [INFO] SUCCESS: Model and reports saved.
2026-02-26 17:03:18,815 [INFO] ============================================================
2026-02-26 17:03:24,858 [INFO] ============================================================
2026-02-26 17:03:24,858 [INFO] TRAINING STARTED: Autism Risk Classifier (Model A)
2026-02-26 17:03:24,858 [INFO] ============================================================
2026-02-26 17:03:24,870 [INFO] Loaded 2000 records from ml/data/cleaned_client_data.csv
2026-02-26 17:03:24,871 [INFO] Performing clinical feature engineering...
2026-02-26 17:03:25,954 [INFO] Dataset split: Train=1360, Val=240, Test=400
2026-02-26 17:03:25,954 [INFO] Applying SMOTE to balance training data...
2026-02-26 17:03:25,954 [INFO] Original training distribution: {1: 1009, 0: 351}
2026-02-26 17:03:27,395 [INFO] After SMOTE: {0: 1009, 1: 1009}
2026-02-26 17:03:27,395 [INFO] Starting XGBoost training with imbalance handling...
2026-02-26 17:03:27,396 [INFO] Loaded Optuna best params from ml/models/saved/xgb_optuna_best.json
2026-02-26 17:03:30,018 [INFO] Finding optimal decision threshold for clinical use...
2026-02-26 17:03:30,024 [INFO] Optimal threshold: 0.541 (targets 75%+ recall)
2026-02-26 17:03:30,024 [INFO] Generating learning curves...
2026-02-26 17:03:30,944 [INFO] SUCCESS: Model and reports saved.
2026-02-26 17:03:30,945 [INFO] ============================================================
2026-02-26 17:07:37,356 [INFO] ============================================================
2026-02-26 17:07:37,356 [INFO] TRAINING STARTED: Autism Risk Classifier (Model A)
2026-02-26 17:07:37,356 [INFO] ============================================================
2026-02-26 17:07:37,373 [INFO] Loaded 4000 records from ml/data/cleaned_client_data.csv
2026-02-26 17:07:37,373 [INFO] Performing clinical feature engineering...
2026-02-26 17:07:38,906 [INFO] Dataset split: Train=2720, Val=480, Test=800
2026-02-26 17:07:38,907 [INFO] Applying SMOTE to balance training data...
2026-02-26 17:07:38,907 [INFO] Original training distribution: {1: 2018, 0: 702}
2026-02-26 17:07:40,347 [INFO] After SMOTE: {1: 2018, 0: 2018}
2026-02-26 17:07:40,347 [INFO] Starting XGBoost training with imbalance handling...
2026-02-26 17:07:40,348 [INFO] Loaded Optuna best params from ml/models/saved/xgb_optuna_best.json
2026-02-26 17:07:43,664 [INFO] Finding optimal decision threshold for clinical use...
2026-02-26 17:07:43,672 [INFO] Optimal threshold: 0.555 (targets 75%+ recall)
2026-02-26 17:07:43,673 [INFO] Generating learning curves...
2026-02-26 17:08:54,735 [INFO] ============================================================
2026-02-26 17:08:54,735 [INFO] TRAINING STARTED: Autism Risk Classifier (Model A)
2026-02-26 17:08:54,735 [INFO] ============================================================
2026-02-26 17:08:54,748 [INFO] Loaded 4000 records from ml/data/cleaned_client_data.csv
2026-02-26 17:08:54,748 [INFO] Performing clinical feature engineering...
2026-02-26 17:08:55,981 [INFO] Dataset split: Train=2720, Val=480, Test=800
2026-02-26 17:08:55,982 [INFO] Applying SMOTE to balance training data...
2026-02-26 17:08:55,982 [INFO] Original training distribution: {1: 2018, 0: 702}
2026-02-26 17:08:57,337 [INFO] After SMOTE: {1: 2018, 0: 2018}
2026-02-26 17:08:57,337 [INFO] Starting XGBoost training with imbalance handling...
2026-02-26 17:08:57,337 [INFO] Loaded Optuna best params from ml/models/saved/xgb_optuna_best.json
2026-02-26 17:09:00,163 [INFO] Finding optimal decision threshold for clinical use...
2026-02-26 17:09:00,168 [INFO] Optimal threshold: 0.555 (targets 75%+ recall)
2026-02-26 17:09:00,168 [INFO] Generating learning curves...
2026-02-26 17:09:00,810 [INFO] SUCCESS: Model and reports saved.
2026-02-26 17:09:00,810 [INFO] ============================================================
2026-02-26 17:14:18,205 [INFO] ============================================================
2026-02-26 17:14:18,206 [INFO] TRAINING STARTED: Autism Risk Classifier (Model A)
2026-02-26 17:14:18,206 [INFO] ============================================================
2026-02-26 17:14:18,221 [INFO] Loaded 4000 records from ml/data/cleaned_client_data.csv
2026-02-26 17:14:18,221 [INFO] Performing clinical feature engineering...
2026-02-26 17:14:19,774 [INFO] Dataset split: Train=2720, Val=480, Test=800
2026-02-26 17:14:19,774 [INFO] Applying SMOTE to balance training data...
2026-02-26 17:14:19,775 [INFO] Original training distribution: {1: 2018, 0: 702}
2026-02-26 17:14:21,260 [INFO] After SMOTE: {1: 2018, 0: 2018}
2026-02-26 17:14:21,260 [INFO] Starting XGBoost training with imbalance handling...
2026-02-26 17:14:21,261 [INFO] Loaded Optuna best params from ml/models/saved/xgb_optuna_best.json
2026-02-26 17:14:24,880 [INFO] Finding optimal decision threshold for clinical use...
2026-02-26 17:14:24,888 [INFO] Optimal threshold: 0.555 (targets 75%+ recall)
2026-02-26 17:14:24,888 [INFO] Generating learning curves...
2026-02-26 17:14:25,798 [INFO] SUCCESS: Model and reports saved.
2026-02-26 17:14:25,799 [INFO] ============================================================
2026-02-26 17:16:55,953 [INFO] ============================================================
2026-02-26 17:16:55,953 [INFO] TRAINING STARTED: Autism Risk Classifier (Model A)
2026-02-26 17:16:55,953 [INFO] ============================================================
2026-02-26 17:16:55,994 [INFO] Loaded 8000 records from ml/data/cleaned_client_data.csv
2026-02-26 17:16:55,994 [INFO] Performing clinical feature engineering...
2026-02-26 17:16:58,506 [INFO] Dataset split: Train=5440, Val=960, Test=1600
2026-02-26 17:16:58,506 [INFO] Applying SMOTE to balance training data...
2026-02-26 17:16:58,507 [INFO] Original training distribution: {1: 4037, 0: 1403}
2026-02-26 17:16:59,958 [INFO] After SMOTE: {0: 4037, 1: 4037}
2026-02-26 17:16:59,958 [INFO] Starting XGBoost training with imbalance handling...
2026-02-26 17:16:59,959 [INFO] Loaded Optuna best params from ml/models/saved/xgb_optuna_best.json
2026-02-26 17:17:04,200 [INFO] Finding optimal decision threshold for clinical use...
2026-02-26 17:17:04,209 [INFO] Optimal threshold: 0.552 (targets 75%+ recall)
2026-02-26 17:17:04,210 [INFO] Generating learning curves...
2026-02-26 17:17:05,059 [INFO] SUCCESS: Model and reports saved.
2026-02-26 17:17:05,059 [INFO] ============================================================
